2025-11-05 03:15:42 | INFO     | ================================================================================
2025-11-05 03:15:42 | INFO     | TAX-DATA SERVICE LOGGING INITIALIZED
2025-11-05 03:15:42 | INFO     | Log Directory: /Users/consultadd/Desktop/project/POCs/accounting-biz-taxplanner/logs/tax-data
2025-11-05 03:15:42 | INFO     | Log Level: INFO
2025-11-05 03:15:42 | INFO     | Console Output: True
2025-11-05 03:15:42 | INFO     | Debug Logs: True
2025-11-05 03:15:42 | INFO     | ================================================================================
/Users/consultadd/Desktop/project/POCs/accounting-biz-taxplanner/services/tax-data-service/main.py:54: DeprecationWarning: 
        on_event is deprecated, use lifespan event handlers instead.

        Read more about it in the
        [FastAPI docs for Lifespan Events](https://fastapi.tiangolo.com/advanced/events/).
        
  @app.on_event("startup")
/Users/consultadd/Desktop/project/POCs/accounting-biz-taxplanner/services/tax-data-service/main.py:62: DeprecationWarning: 
        on_event is deprecated, use lifespan event handlers instead.

        Read more about it in the
        [FastAPI docs for Lifespan Events](https://fastapi.tiangolo.com/advanced/events/).
        
  @app.on_event("shutdown")
2025-11-05 03:15:42 | INFO     | Starting Tax Data Service on port 8002...
INFO:     Started server process [25055]
INFO:     Waiting for application startup.
2025-11-05 03:15:42 | INFO     | Starting up Tax Data Service...
2025-11-05 03:15:42 | INFO     | Database connected successfully
INFO:     Application startup complete.
ERROR:    [Errno 48] error while attempting to bind on address ('0.0.0.0', 8002): address already in use
INFO:     Waiting for applicatioINFO:     127.0.0.1:59173 - "GET /api/v1/health HTTP/1.1" 200 OK
INFO:     Shutting down
INFO:     Waiting for application shutdown.
2025-11-05 03:15:51 | INFO     | Shutting down Tax Data Service...
2025-11-05 03:15:51 | INFO     | Database connection closed
INFO:     Application shutdown complete.
INFO:     Finished server process [21207]
